<?xml version="1.0" encoding="UTF-8"?>
<!-- Generated by org.testng.reporters.JUnitReportReporter -->
<testsuite hostname="priyankus-MacBook-Air.local" failures="0" tests="2" name="tests.LoginTest" time="37.193" errors="0" timestamp="2025-04-19T12:49:23 IST" skipped="0">
  <testcase classname="tests.LoginTest" name="testInvalidLogin" time="19.924"/>
  <testcase classname="tests.LoginTest" name="testValidLogin" time="17.269"/>
</testsuite> <!-- tests.LoginTest -->
